<?xml version="1.0" encoding="UTF-8"?>
<!-- Generated by org.testng.reporters.JUnitReportReporter -->
<testsuite hostname="rtCamp" name="testscripts.bbPress.bbPressSettingsTest" tests="1" failures="0" timestamp="26 Feb 2015 11:06:02 GMT" time="9.705" errors="0">
  <testcase name="bbPressSettings" time="9.705" classname="testscripts.bbPress.bbPressSettingsTest"/>
</testsuite> <!-- testscripts.bbPress.bbPressSettingsTest -->
